Build started 2016/11/13 21:06:52.
     1>Project "C:\Users\Dell\Documents\Visual Studio 2013\Projects\CG2\Assignment2\Assignment2\Assignment2.vcxproj" on node 2 (Build target(s)).
     1>CustomBuild:
         Moc'ing raytracer.h...
         Uic'ing raytracer.ui...
         Rcc'ing raytracer.qrc...
     1>RCC : warning : No resources in 'C:\Users\Dell\Documents\Visual Studio 2013\Projects\CG2\Assignment2\Assignment2\raytracer.qrc'.
         
       ClCompile:
         D:\Program Files (x86)\Microsoft Visual Studio 12.0\VC\bin\CL.exe /c /I.\GeneratedFiles /I. /ID:\Qt.0\5.5\msvc2013_64\include /I.\GeneratedFiles\Release /ID:\Qt.0\5.5\msvc2013_64\include\QtCore /ID:\Qt.0\5.5\msvc2013_64\include\QtGui /ID:\Qt.0\5.5\msvc2013_64\include\QtWidgets /nologo /W1 /WX- /O2 /Oy- /D UNICODE /D WIN32 /D WIN64 /D QT_DLL /D QT_NO_DEBUG /D NDEBUG /D QT_CORE_LIB /D QT_GUI_LIB /D QT_WIDGETS_LIB /Gm- /EHsc /MD /GS /fp:precise /Zc:wchar_t /Zc:forScope /Fo"Release\\" /Fd"Release\vc120.pdb" /Gd /TP /analyze- /errorReport:prompt AbObject.cpp Camera.cpp GeneratedFiles\Release\moc_raytracer.cpp LightSource.cpp main.cpp PlaneObject.cpp Ray.cpp raytracer.cpp SceneRenderer.cpp SphereObject.cpp
         AbObject.cpp
         Camera.cpp
         moc_raytracer.cpp
         LightSource.cpp
         main.cpp
         PlaneObject.cpp
         Ray.cpp
         raytracer.cpp
         SceneRenderer.cpp
         SphereObject.cpp
         Generating Code...
         D:\Program Files (x86)\Microsoft Visual Studio 12.0\VC\bin\CL.exe /c /I.\GeneratedFiles /I. /ID:\Qt.0\5.5\msvc2013_64\include /I.\GeneratedFiles\Release /ID:\Qt.0\5.5\msvc2013_64\include\QtCore /ID:\Qt.0\5.5\msvc2013_64\include\QtGui /ID:\Qt.0\5.5\msvc2013_64\include\QtWidgets /nologo /W1 /WX- /O2 /Oy- /D UNICODE /D WIN32 /D WIN64 /D QT_DLL /D QT_NO_DEBUG /D NDEBUG /D QT_CORE_LIB /D QT_GUI_LIB /D QT_WIDGETS_LIB /Gm- /EHsc /MD /GS /fp:precise /Zc:wchar_t /Zc:forScope /Fo"Release\\" /Fd"Release\vc120.pdb" /Gd /TP /analyze- /errorReport:prompt GeneratedFiles\qrc_raytracer.cpp
         qrc_raytracer.cpp
       Link:
         D:\Program Files (x86)\Microsoft Visual Studio 12.0\VC\bin\link.exe /ERRORREPORT:PROMPT /OUT:"C:\Users\Dell\Documents\Visual Studio 2013\Projects\CG2\Assignment2\Win32\Release\\Assignment2.exe" /NOLOGO /LIBPATH:D:\Qt.0\5.5\msvc2013_64\lib qtmain.lib Qt5Core.lib Qt5Gui.lib Qt5Widgets.lib opengl32.lib freeglut.lib glew32sd.lib glfw3.lib kernel32.lib user32.lib gdi32.lib winspool.lib comdlg32.lib advapi32.lib shell32.lib ole32.lib oleaut32.lib uuid.lib odbc32.lib odbccp32.lib /MANIFEST /MANIFESTUAC:"level='asInvoker' uiAccess='false'" /manifest:embed /PDB:"C:\Users\Dell\Documents\Visual Studio 2013\Projects\CG2\Assignment2\Win32\Release\Assignment2.pdb" /SUBSYSTEM:WINDOWS /TLBID:1 /DYNAMICBASE /NXCOMPAT /IMPLIB:"C:\Users\Dell\Documents\Visual Studio 2013\Projects\CG2\Assignment2\Win32\Release\Assignment2.lib" /MACHINE:X86 /SAFESEH Release\AbObject.obj
         Release\Camera.obj
         Release\qrc_raytracer.obj
         Release\moc_raytracer.obj
         Release\LightSource.obj
         Release\main.obj
         Release\PlaneObject.obj
         Release\Ray.obj
         Release\raytracer.obj
         Release\SceneRenderer.obj
         Release\SphereObject.obj
     1>Qt5Core.lib(Qt5Core.dll) : fatal error LNK1112: module machine type 'x64' conflicts with target machine type 'X86'
     1>Done Building Project "C:\Users\Dell\Documents\Visual Studio 2013\Projects\CG2\Assignment2\Assignment2\Assignment2.vcxproj" (Build target(s)) -- FAILED.

Build FAILED.

Time Elapsed 00:00:06.17
